<?xml version="1.0" encoding="UTF-8"?>
<!-- Generated by org.testng.reporters.JUnitReportReporter -->
<testsuite hostname="LAPTOP-EGM7FB5A" name="com.RunnerClass.CucumberRunner" tests="1" failures="0" timestamp="18 Feb 2021 12:38:35 GMT" time="2.551" errors="0">
  <testcase name="feature" time="2.551" classname="com.RunnerClass.CucumberRunner"/>
</testsuite> <!-- com.RunnerClass.CucumberRunner -->
